build/app/intermediates/manifest_merge_blame_file/release/manifest-merger-blame-release-report.txt
1<?xml version="1.0" encoding="utf-8"?>
2<manifest xmlns:android="http://schemas.android.com/apk/res/android"
3    package="com.softoo.delivery"
4    android:versionCode="2"
5    android:versionName="1.8.0" >
6
7    <uses-sdk
8        android:minSdkVersion="19"
8-->src\main\AndroidManifest.xml
9        android:targetSdkVersion="28" />
9-->src\main\AndroidManifest.xml
10
11    <uses-permission android:name="android.permission.INTERNET" />
11-->src\main\AndroidManifest.xml:4:5-66
11-->src\main\AndroidManifest.xml:4:22-64
12    <uses-permission android:name="android.permission.ACCESS_FINE_LOCATION" />
12-->src\main\AndroidManifest.xml:5:5-78
12-->src\main\AndroidManifest.xml:5:22-76
13    <uses-permission android:name="android.permission.ACCESS_COARSE_LOCATION" />
13-->src\main\AndroidManifest.xml:6:5-80
13-->src\main\AndroidManifest.xml:6:22-78
14    <uses-permission android:name="android.permission.ACCESS_NETWORK_STATE" />
14-->[:firebase_analytics] AndroidManifest.xml:7:5-79
14-->[:firebase_analytics] AndroidManifest.xml:7:22-76
15    <uses-permission android:name="android.permission.WAKE_LOCK" /> <!-- Required by older versions of Google Play services to create IID tokens -->
15-->[:firebase_analytics] AndroidManifest.xml:9:5-68
15-->[:firebase_analytics] AndroidManifest.xml:9:22-65
16    <uses-permission android:name="com.google.android.c2dm.permission.RECEIVE" />
16-->[com.google.firebase:firebase-iid:20.1.2] AndroidManifest.xml:26:5-82
16-->[com.google.firebase:firebase-iid:20.1.2] AndroidManifest.xml:26:22-79
17
18    <uses-feature
18-->[com.google.android.gms:play-services-maps:17.0.0] AndroidManifest.xml:26:5-28:35
19        android:glEsVersion="0x00020000"
19-->[com.google.android.gms:play-services-maps:17.0.0] AndroidManifest.xml:27:9-41
20        android:required="true" />
20-->[com.google.android.gms:play-services-maps:17.0.0] AndroidManifest.xml:28:9-32
21
22    <uses-permission android:name="com.google.android.finsky.permission.BIND_GET_INSTALL_REFERRER_SERVICE" />
22-->[com.google.android.gms:play-services-measurement:16.5.0] AndroidManifest.xml:26:5-110
22-->[com.google.android.gms:play-services-measurement:16.5.0] AndroidManifest.xml:26:22-107
23    <!--
24 io.flutter.app.FlutterApplication is an android.app.Application that
25         calls FlutterMain.startInitialization(this); in its onCreate method.
26         In most cases you can leave this as-is, but you if you want to provide
27         additional functionality it is fine to subclass or reimplement
28         FlutterApplication and put your custom class here.
29    -->
30    <application
30-->src\main\AndroidManifest.xml:13:5-46:19
31        android:name="com.softoo.delivery.Application"
31-->src\main\AndroidManifest.xml:14:9-36
32        android:appComponentFactory="androidx.core.app.CoreComponentFactory"
32-->[androidx.core:core:1.0.0] AndroidManifest.xml:22:18-86
33        android:icon="@mipmap/ic_launcher"
33-->src\main\AndroidManifest.xml:16:9-43
34        android:label="DELIVERY" >
34-->src\main\AndroidManifest.xml:15:9-33
35        <meta-data
35-->src\main\AndroidManifest.xml:18:9-19:77
36            android:name="com.google.android.geo.API_KEY"
36-->src\main\AndroidManifest.xml:18:20-65
37            android:value="AIzaSyAT07iMlfZ9bJt1gmGj9KhJDLFY8srI6dA" />
37-->src\main\AndroidManifest.xml:19:20-75
38        <meta-data
38-->src\main\AndroidManifest.xml:20:9-22:62
39            android:name="com.google.firebase.messaging.default_notification_icon"
39-->src\main\AndroidManifest.xml:21:17-87
40            android:resource="@mipmap/ic_notification" />
40-->src\main\AndroidManifest.xml:22:17-59
41
42        <activity
42-->src\main\AndroidManifest.xml:23:9-45:20
43            android:name="com.softoo.delivery.MainActivity"
43-->src\main\AndroidManifest.xml:24:13-41
44            android:configChanges="orientation|keyboardHidden|keyboard|screenSize|locale|layoutDirection|fontScale|screenLayout|density|uiMode"
44-->src\main\AndroidManifest.xml:27:13-144
45            android:hardwareAccelerated="true"
45-->src\main\AndroidManifest.xml:28:13-47
46            android:launchMode="singleTop"
46-->src\main\AndroidManifest.xml:25:13-43
47            android:theme="@style/LaunchTheme"
47-->src\main\AndroidManifest.xml:26:13-47
48            android:windowSoftInputMode="adjustResize" >
48-->src\main\AndroidManifest.xml:29:13-55
49
50            <!--
51                 This keeps the window background of the activity showing
52                 until Flutter renders its first frame. It can be removed if
53                 there is no splash screen (such as the default splash screen
54                 defined in @style/LaunchTheme).
55            -->
56            <meta-data
56-->src\main\AndroidManifest.xml:34:13-36:40
57                android:name="io.flutter.app.android.SplashScreenUntilFirstFrame"
57-->src\main\AndroidManifest.xml:35:17-82
58                android:value="true" />
58-->src\main\AndroidManifest.xml:36:17-37
59
60            <intent-filter>
60-->src\main\AndroidManifest.xml:37:13-40:29
61                <action android:name="android.intent.action.MAIN" />
61-->src\main\AndroidManifest.xml:38:17-68
61-->src\main\AndroidManifest.xml:38:25-66
62
63                <category android:name="android.intent.category.LAUNCHER" />
63-->src\main\AndroidManifest.xml:39:17-76
63-->src\main\AndroidManifest.xml:39:27-74
64            </intent-filter>
65            <intent-filter>
65-->src\main\AndroidManifest.xml:41:13-44:29
66                <action android:name="FLUTTER_NOTIFICATION_CLICK" />
66-->src\main\AndroidManifest.xml:42:17-69
66-->src\main\AndroidManifest.xml:42:25-66
67
68                <category android:name="android.intent.category.DEFAULT" />
68-->src\main\AndroidManifest.xml:43:17-76
68-->src\main\AndroidManifest.xml:43:27-73
69            </intent-filter>
70        </activity>
71
72        <service android:name="io.flutter.plugins.firebasemessaging.FlutterFirebaseMessagingService" >
72-->[:firebase_messaging] AndroidManifest.xml:8:9-12:19
72-->[:firebase_messaging] AndroidManifest.xml:8:18-101
73            <intent-filter>
73-->[:firebase_messaging] AndroidManifest.xml:9:13-11:29
74                <action android:name="com.google.firebase.MESSAGING_EVENT" />
74-->[:firebase_messaging] AndroidManifest.xml:10:17-78
74-->[:firebase_messaging] AndroidManifest.xml:10:25-75
75            </intent-filter>
76        </service>
77        <service
77-->[:firebase_messaging] AndroidManifest.xml:13:9-17:19
78            android:name="com.google.firebase.components.ComponentDiscoveryService"
78-->[:firebase_messaging] AndroidManifest.xml:13:18-89
79            android:directBootAware="true"
79-->[com.google.firebase:firebase-common:19.3.0] AndroidManifest.xml:34:13-43
80            android:exported="false" >
80-->[com.google.firebase:firebase-messaging:20.1.3] AndroidManifest.xml:37:13-37
81            <meta-data
81-->[:firebase_messaging] AndroidManifest.xml:14:13-16:85
82                android:name="com.google.firebase.components:io.flutter.plugins.firebasemessaging.FlutterFirebaseAppRegistrar"
82-->[:firebase_messaging] AndroidManifest.xml:15:17-127
83                android:value="com.google.firebase.components.ComponentRegistrar" />
83-->[:firebase_messaging] AndroidManifest.xml:16:17-82
84            <meta-data
84-->[com.google.firebase:firebase-messaging:20.1.3] AndroidManifest.xml:38:13-40:85
85                android:name="com.google.firebase.components:com.google.firebase.messaging.FirebaseMessagingRegistrar"
85-->[com.google.firebase:firebase-messaging:20.1.3] AndroidManifest.xml:39:17-119
86                android:value="com.google.firebase.components.ComponentRegistrar" />
86-->[com.google.firebase:firebase-messaging:20.1.3] AndroidManifest.xml:40:17-82
87            <meta-data
87-->[:firebase_analytics] AndroidManifest.xml:13:13-15:85
88                android:name="com.google.firebase.components:io.flutter.plugins.firebaseanalytics.FlutterFirebaseAppRegistrar"
88-->[:firebase_analytics] AndroidManifest.xml:14:17-127
89                android:value="com.google.firebase.components.ComponentRegistrar" />
89-->[:firebase_analytics] AndroidManifest.xml:15:17-82
90            <meta-data
90-->[com.google.android.gms:play-services-measurement-api:16.5.0] AndroidManifest.xml:30:13-32:85
91                android:name="com.google.firebase.components:com.google.firebase.analytics.connector.internal.AnalyticsConnectorRegistrar"
91-->[com.google.android.gms:play-services-measurement-api:16.5.0] AndroidManifest.xml:31:17-139
92                android:value="com.google.firebase.components.ComponentRegistrar" />
92-->[com.google.android.gms:play-services-measurement-api:16.5.0] AndroidManifest.xml:32:17-82
93            <meta-data
93-->[com.google.firebase:firebase-iid:20.1.2] AndroidManifest.xml:32:13-34:85
94                android:name="com.google.firebase.components:com.google.firebase.iid.Registrar"
94-->[com.google.firebase:firebase-iid:20.1.2] AndroidManifest.xml:33:17-96
95                android:value="com.google.firebase.components.ComponentRegistrar" />
95-->[com.google.firebase:firebase-iid:20.1.2] AndroidManifest.xml:34:17-82
96            <meta-data
96-->[com.google.firebase:firebase-datatransport:17.0.3] AndroidManifest.xml:28:13-30:85
97                android:name="com.google.firebase.components:com.google.firebase.datatransport.TransportRegistrar"
97-->[com.google.firebase:firebase-datatransport:17.0.3] AndroidManifest.xml:29:17-115
98                android:value="com.google.firebase.components.ComponentRegistrar" />
98-->[com.google.firebase:firebase-datatransport:17.0.3] AndroidManifest.xml:30:17-82
99            <meta-data
99-->[com.google.firebase:firebase-installations:16.1.0] AndroidManifest.xml:17:13-19:85
100                android:name="com.google.firebase.components:com.google.firebase.installations.FirebaseInstallationsRegistrar"
100-->[com.google.firebase:firebase-installations:16.1.0] AndroidManifest.xml:18:17-127
101                android:value="com.google.firebase.components.ComponentRegistrar" />
101-->[com.google.firebase:firebase-installations:16.1.0] AndroidManifest.xml:19:17-82
102        </service>
103        <!--
104             FirebaseMessagingService performs security checks at runtime,
105             but set to not exported to explicitly avoid allowing another app to call it.
106        -->
107        <service
107-->[com.google.firebase:firebase-messaging:20.1.3] AndroidManifest.xml:28:9-34:19
108            android:name="com.google.firebase.messaging.FirebaseMessagingService"
108-->[com.google.firebase:firebase-messaging:20.1.3] AndroidManifest.xml:29:13-82
109            android:exported="false" >
109-->[com.google.firebase:firebase-messaging:20.1.3] AndroidManifest.xml:30:13-37
110            <intent-filter android:priority="-500" >
110-->[:firebase_messaging] AndroidManifest.xml:9:13-11:29
111                <action android:name="com.google.firebase.MESSAGING_EVENT" />
111-->[:firebase_messaging] AndroidManifest.xml:10:17-78
111-->[:firebase_messaging] AndroidManifest.xml:10:25-75
112            </intent-filter>
113        </service>
114
115        <receiver
115-->[com.google.firebase:firebase-iid:20.1.2] AndroidManifest.xml:37:9-44:20
116            android:name="com.google.firebase.iid.FirebaseInstanceIdReceiver"
116-->[com.google.firebase:firebase-iid:20.1.2] AndroidManifest.xml:38:13-78
117            android:exported="true"
117-->[com.google.firebase:firebase-iid:20.1.2] AndroidManifest.xml:39:13-36
118            android:permission="com.google.android.c2dm.permission.SEND" >
118-->[com.google.firebase:firebase-iid:20.1.2] AndroidManifest.xml:40:13-73
119            <intent-filter>
119-->[com.google.firebase:firebase-iid:20.1.2] AndroidManifest.xml:41:13-43:29
120                <action android:name="com.google.android.c2dm.intent.RECEIVE" />
120-->[com.google.firebase:firebase-iid:20.1.2] AndroidManifest.xml:42:17-81
120-->[com.google.firebase:firebase-iid:20.1.2] AndroidManifest.xml:42:25-78
121            </intent-filter>
122        </receiver>
123
124        <activity
124-->[:flutter_inappbrowser] AndroidManifest.xml:10:9-13:47
125            android:name="com.pichillilorenzo.flutter_inappbrowser.InAppBrowserActivity"
125-->[:flutter_inappbrowser] AndroidManifest.xml:11:13-89
126            android:configChanges="orientation|screenSize"
126-->[:flutter_inappbrowser] AndroidManifest.xml:12:13-59
127            android:theme="@style/AppTheme" />
127-->[:flutter_inappbrowser] AndroidManifest.xml:13:13-44
128        <activity
128-->[:flutter_inappbrowser] AndroidManifest.xml:14:9-17:55
129            android:name="com.pichillilorenzo.flutter_inappbrowser.ChromeCustomTabs.ChromeCustomTabsActivity"
129-->[:flutter_inappbrowser] AndroidManifest.xml:15:13-110
130            android:configChanges="orientation|screenSize"
130-->[:flutter_inappbrowser] AndroidManifest.xml:16:13-59
131            android:theme="@style/ThemeTransparent" />
131-->[:flutter_inappbrowser] AndroidManifest.xml:17:13-52
132        <activity
132-->[:url_launcher] AndroidManifest.xml:8:9-11:74
133            android:name="io.flutter.plugins.urllauncher.WebViewActivity"
133-->[:url_launcher] AndroidManifest.xml:9:13-74
134            android:exported="false"
134-->[:url_launcher] AndroidManifest.xml:10:13-37
135            android:theme="@android:style/Theme.NoTitleBar.Fullscreen" />
135-->[:url_launcher] AndroidManifest.xml:11:13-71
136
137        <provider
137-->[com.google.firebase:firebase-common:19.3.0] AndroidManifest.xml:26:9-30:39
138            android:name="com.google.firebase.provider.FirebaseInitProvider"
138-->[com.google.firebase:firebase-common:19.3.0] AndroidManifest.xml:27:13-77
139            android:authorities="com.softoo.delivery.firebaseinitprovider"
139-->[com.google.firebase:firebase-common:19.3.0] AndroidManifest.xml:28:13-72
140            android:exported="false"
140-->[com.google.firebase:firebase-common:19.3.0] AndroidManifest.xml:29:13-37
141            android:initOrder="100" /> <!-- Needs to be explicitly declared on P+ -->
141-->[com.google.firebase:firebase-common:19.3.0] AndroidManifest.xml:30:13-36
142        <uses-library
142-->[com.google.android.gms:play-services-maps:17.0.0] AndroidManifest.xml:33:9-35:40
143            android:name="org.apache.http.legacy"
143-->[com.google.android.gms:play-services-maps:17.0.0] AndroidManifest.xml:34:13-50
144            android:required="false" />
144-->[com.google.android.gms:play-services-maps:17.0.0] AndroidManifest.xml:35:13-37
145
146        <activity
146-->[com.google.android.gms:play-services-base:17.0.0] AndroidManifest.xml:23:9-26:75
147            android:name="com.google.android.gms.common.api.GoogleApiActivity"
147-->[com.google.android.gms:play-services-base:17.0.0] AndroidManifest.xml:24:13-79
148            android:exported="false"
148-->[com.google.android.gms:play-services-base:17.0.0] AndroidManifest.xml:25:13-37
149            android:theme="@android:style/Theme.Translucent.NoTitleBar" />
149-->[com.google.android.gms:play-services-base:17.0.0] AndroidManifest.xml:26:13-72
150
151        <receiver
151-->[com.google.android.gms:play-services-measurement:16.5.0] AndroidManifest.xml:29:9-33:20
152            android:name="com.google.android.gms.measurement.AppMeasurementReceiver"
152-->[com.google.android.gms:play-services-measurement:16.5.0] AndroidManifest.xml:30:13-85
153            android:enabled="true"
153-->[com.google.android.gms:play-services-measurement:16.5.0] AndroidManifest.xml:31:13-35
154            android:exported="false" >
154-->[com.google.android.gms:play-services-measurement:16.5.0] AndroidManifest.xml:32:13-37
155        </receiver>
156        <receiver
156-->[com.google.android.gms:play-services-measurement:16.5.0] AndroidManifest.xml:34:9-42:20
157            android:name="com.google.android.gms.measurement.AppMeasurementInstallReferrerReceiver"
157-->[com.google.android.gms:play-services-measurement:16.5.0] AndroidManifest.xml:35:13-100
158            android:enabled="true"
158-->[com.google.android.gms:play-services-measurement:16.5.0] AndroidManifest.xml:36:13-35
159            android:exported="true"
159-->[com.google.android.gms:play-services-measurement:16.5.0] AndroidManifest.xml:37:13-36
160            android:permission="android.permission.INSTALL_PACKAGES" >
160-->[com.google.android.gms:play-services-measurement:16.5.0] AndroidManifest.xml:38:13-69
161            <intent-filter>
161-->[com.google.android.gms:play-services-measurement:16.5.0] AndroidManifest.xml:39:13-41:29
162                <action android:name="com.android.vending.INSTALL_REFERRER" />
162-->[com.google.android.gms:play-services-measurement:16.5.0] AndroidManifest.xml:40:17-79
162-->[com.google.android.gms:play-services-measurement:16.5.0] AndroidManifest.xml:40:25-76
163            </intent-filter>
164        </receiver>
165
166        <service
166-->[com.google.android.gms:play-services-measurement:16.5.0] AndroidManifest.xml:44:9-47:40
167            android:name="com.google.android.gms.measurement.AppMeasurementService"
167-->[com.google.android.gms:play-services-measurement:16.5.0] AndroidManifest.xml:45:13-84
168            android:enabled="true"
168-->[com.google.android.gms:play-services-measurement:16.5.0] AndroidManifest.xml:46:13-35
169            android:exported="false" />
169-->[com.google.android.gms:play-services-measurement:16.5.0] AndroidManifest.xml:47:13-37
170        <service
170-->[com.google.android.gms:play-services-measurement:16.5.0] AndroidManifest.xml:48:9-52:72
171            android:name="com.google.android.gms.measurement.AppMeasurementJobService"
171-->[com.google.android.gms:play-services-measurement:16.5.0] AndroidManifest.xml:49:13-87
172            android:enabled="true"
172-->[com.google.android.gms:play-services-measurement:16.5.0] AndroidManifest.xml:50:13-35
173            android:exported="false"
173-->[com.google.android.gms:play-services-measurement:16.5.0] AndroidManifest.xml:51:13-37
174            android:permission="android.permission.BIND_JOB_SERVICE" />
174-->[com.google.android.gms:play-services-measurement:16.5.0] AndroidManifest.xml:52:13-69
175
176        <meta-data
176-->[com.google.android.gms:play-services-basement:17.0.0] AndroidManifest.xml:23:9-25:69
177            android:name="com.google.android.gms.version"
177-->[com.google.android.gms:play-services-basement:17.0.0] AndroidManifest.xml:24:13-58
178            android:value="@integer/google_play_services_version" />
178-->[com.google.android.gms:play-services-basement:17.0.0] AndroidManifest.xml:25:13-66
179
180        <service
180-->[com.google.android.datatransport:transport-backend-cct:2.2.0] AndroidManifest.xml:29:9-35:19
181            android:name="com.google.android.datatransport.runtime.backends.TransportBackendDiscovery"
181-->[com.google.android.datatransport:transport-backend-cct:2.2.0] AndroidManifest.xml:30:13-103
182            android:exported="false" >
182-->[com.google.android.datatransport:transport-backend-cct:2.2.0] AndroidManifest.xml:31:13-37
183            <meta-data
183-->[com.google.android.datatransport:transport-backend-cct:2.2.0] AndroidManifest.xml:32:13-34:39
184                android:name="backend:com.google.android.datatransport.cct.CctBackendFactory"
184-->[com.google.android.datatransport:transport-backend-cct:2.2.0] AndroidManifest.xml:33:17-94
185                android:value="cct" />
185-->[com.google.android.datatransport:transport-backend-cct:2.2.0] AndroidManifest.xml:34:17-36
186        </service>
187        <service
187-->[com.google.android.datatransport:transport-runtime:2.2.0] AndroidManifest.xml:26:9-30:19
188            android:name="com.google.android.datatransport.runtime.scheduling.jobscheduling.JobInfoSchedulerService"
188-->[com.google.android.datatransport:transport-runtime:2.2.0] AndroidManifest.xml:27:13-117
189            android:exported="false"
189-->[com.google.android.datatransport:transport-runtime:2.2.0] AndroidManifest.xml:28:13-37
190            android:permission="android.permission.BIND_JOB_SERVICE" >
190-->[com.google.android.datatransport:transport-runtime:2.2.0] AndroidManifest.xml:29:13-69
191        </service>
192
193        <receiver
193-->[com.google.android.datatransport:transport-runtime:2.2.0] AndroidManifest.xml:32:9-34:40
194            android:name="com.google.android.datatransport.runtime.scheduling.jobscheduling.AlarmManagerSchedulerBroadcastReceiver"
194-->[com.google.android.datatransport:transport-runtime:2.2.0] AndroidManifest.xml:33:13-132
195            android:exported="false" />
195-->[com.google.android.datatransport:transport-runtime:2.2.0] AndroidManifest.xml:34:13-37
196    </application>
197
198</manifest>